mode: set
booking-room-app/repository/employees_repository.go:29.52,32.16 2 0
booking-room-app/repository/employees_repository.go:32.16,34.3 1 0
booking-room-app/repository/employees_repository.go:36.2,36.36 1 0
booking-room-app/repository/employees_repository.go:39.95,46.16 4 0
booking-room-app/repository/employees_repository.go:46.16,49.3 2 0
booking-room-app/repository/employees_repository.go:51.2,61.16 2 0
booking-room-app/repository/employees_repository.go:61.16,64.3 2 0
booking-room-app/repository/employees_repository.go:66.2,74.22 8 0
booking-room-app/repository/employees_repository.go:79.83,92.16 3 0
booking-room-app/repository/employees_repository.go:92.16,95.3 2 0
booking-room-app/repository/employees_repository.go:96.2,96.22 1 0
booking-room-app/repository/employees_repository.go:100.95,113.16 3 0
booking-room-app/repository/employees_repository.go:113.16,116.3 2 0
booking-room-app/repository/employees_repository.go:117.2,117.22 1 0
booking-room-app/repository/employees_repository.go:123.95,128.16 4 0
booking-room-app/repository/employees_repository.go:128.16,131.3 2 0
booking-room-app/repository/employees_repository.go:133.2,144.16 2 0
booking-room-app/repository/employees_repository.go:144.16,147.3 2 0
booking-room-app/repository/employees_repository.go:148.2,158.22 10 0
booking-room-app/repository/employees_repository.go:161.92,165.16 4 0
booking-room-app/repository/employees_repository.go:165.16,168.3 2 0
booking-room-app/repository/employees_repository.go:169.2,169.18 1 0
booking-room-app/repository/employees_repository.go:169.18,183.17 3 0
booking-room-app/repository/employees_repository.go:183.17,186.4 2 0
booking-room-app/repository/employees_repository.go:188.3,188.37 1 0
booking-room-app/repository/employees_repository.go:191.2,192.89 2 0
booking-room-app/repository/employees_repository.go:192.89,194.3 1 0
booking-room-app/repository/employees_repository.go:196.2,202.31 2 0
booking-room-app/repository/employees_repository.go:205.59,207.2 1 0
booking-room-app/repository/facilities_repository.go:26.93,36.16 3 1
booking-room-app/repository/facilities_repository.go:36.16,39.3 2 1
booking-room-app/repository/facilities_repository.go:40.2,43.24 4 1
booking-room-app/repository/facilities_repository.go:48.96,54.16 4 1
booking-room-app/repository/facilities_repository.go:54.16,57.3 2 1
booking-room-app/repository/facilities_repository.go:59.2,59.18 1 1
booking-room-app/repository/facilities_repository.go:59.18,69.17 3 1
booking-room-app/repository/facilities_repository.go:69.17,72.4 2 1
booking-room-app/repository/facilities_repository.go:74.3,74.44 1 1
booking-room-app/repository/facilities_repository.go:77.2,78.83 2 1
booking-room-app/repository/facilities_repository.go:78.83,80.3 1 1
booking-room-app/repository/facilities_repository.go:82.2,89.32 2 1
booking-room-app/repository/facilities_repository.go:94.78,103.16 3 1
booking-room-app/repository/facilities_repository.go:103.16,106.3 2 1
booking-room-app/repository/facilities_repository.go:108.2,108.24 1 1
booking-room-app/repository/facilities_repository.go:114.97,125.16 4 1
booking-room-app/repository/facilities_repository.go:125.16,128.3 2 1
booking-room-app/repository/facilities_repository.go:130.2,135.24 5 1
booking-room-app/repository/facilities_repository.go:138.62,140.2 1 1
booking-room-app/repository/room_facility_repository.go:31.87,34.16 3 0
booking-room-app/repository/room_facility_repository.go:34.16,35.27 1 0
booking-room-app/repository/room_facility_repository.go:35.27,38.4 2 0
booking-room-app/repository/room_facility_repository.go:39.3,40.48 2 0
booking-room-app/repository/room_facility_repository.go:42.2,42.37 1 0
booking-room-app/repository/room_facility_repository.go:46.100,51.16 4 0
booking-room-app/repository/room_facility_repository.go:51.16,54.3 2 0
booking-room-app/repository/room_facility_repository.go:56.2,56.18 1 0
booking-room-app/repository/room_facility_repository.go:56.18,66.17 3 0
booking-room-app/repository/room_facility_repository.go:66.17,69.4 2 0
booking-room-app/repository/room_facility_repository.go:70.3,70.56 1 0
booking-room-app/repository/room_facility_repository.go:73.2,74.84 2 0
booking-room-app/repository/room_facility_repository.go:74.84,77.3 2 0
booking-room-app/repository/room_facility_repository.go:79.2,86.36 2 0
booking-room-app/repository/room_facility_repository.go:91.98,101.16 3 0
booking-room-app/repository/room_facility_repository.go:101.16,102.27 1 0
booking-room-app/repository/room_facility_repository.go:102.27,105.4 2 0
booking-room-app/repository/room_facility_repository.go:106.3,107.68 2 0
booking-room-app/repository/room_facility_repository.go:109.2,109.41 1 0
booking-room-app/repository/room_facility_repository.go:113.121,118.16 3 0
booking-room-app/repository/room_facility_repository.go:118.16,121.3 2 0
booking-room-app/repository/room_facility_repository.go:124.2,134.16 2 0
booking-room-app/repository/room_facility_repository.go:134.16,137.3 2 0
booking-room-app/repository/room_facility_repository.go:140.2,141.16 2 0
booking-room-app/repository/room_facility_repository.go:141.16,144.3 2 0
booking-room-app/repository/room_facility_repository.go:147.2,148.16 2 0
booking-room-app/repository/room_facility_repository.go:148.16,152.3 3 0
booking-room-app/repository/room_facility_repository.go:154.2,155.43 2 0
booking-room-app/repository/room_facility_repository.go:159.141,164.16 3 0
booking-room-app/repository/room_facility_repository.go:164.16,167.3 2 0
booking-room-app/repository/room_facility_repository.go:170.2,177.16 2 0
booking-room-app/repository/room_facility_repository.go:177.16,180.3 2 0
booking-room-app/repository/room_facility_repository.go:183.2,183.31 1 0
booking-room-app/repository/room_facility_repository.go:183.31,185.17 2 0
booking-room-app/repository/room_facility_repository.go:185.17,188.4 2 0
booking-room-app/repository/room_facility_repository.go:192.2,193.16 2 0
booking-room-app/repository/room_facility_repository.go:193.16,197.3 3 0
booking-room-app/repository/room_facility_repository.go:199.2,200.46 2 0
booking-room-app/repository/room_facility_repository.go:203.67,205.2 1 0
booking-room-app/repository/rooms_repository.go:26.75,29.16 3 1
booking-room-app/repository/rooms_repository.go:29.16,32.3 2 1
booking-room-app/repository/rooms_repository.go:34.2,40.18 6 1
booking-room-app/repository/rooms_repository.go:44.62,47.16 3 1
booking-room-app/repository/rooms_repository.go:47.16,50.3 2 1
booking-room-app/repository/rooms_repository.go:52.2,52.18 1 1
booking-room-app/repository/rooms_repository.go:56.84,61.16 4 1
booking-room-app/repository/rooms_repository.go:61.16,64.3 2 1
booking-room-app/repository/rooms_repository.go:66.2,66.18 1 1
booking-room-app/repository/rooms_repository.go:66.18,69.17 3 1
booking-room-app/repository/rooms_repository.go:69.17,72.4 2 1
booking-room-app/repository/rooms_repository.go:74.3,74.30 1 1
booking-room-app/repository/rooms_repository.go:77.2,78.79 2 1
booking-room-app/repository/rooms_repository.go:78.79,80.3 1 1
booking-room-app/repository/rooms_repository.go:82.2,89.27 2 1
booking-room-app/repository/rooms_repository.go:93.105,98.16 4 1
booking-room-app/repository/rooms_repository.go:98.16,101.3 2 1
booking-room-app/repository/rooms_repository.go:103.2,103.18 1 1
booking-room-app/repository/rooms_repository.go:103.18,106.17 3 1
booking-room-app/repository/rooms_repository.go:106.17,109.4 2 1
booking-room-app/repository/rooms_repository.go:111.3,111.30 1 1
booking-room-app/repository/rooms_repository.go:114.2,115.93 2 1
booking-room-app/repository/rooms_repository.go:115.93,117.3 1 1
booking-room-app/repository/rooms_repository.go:119.2,126.27 2 1
booking-room-app/repository/rooms_repository.go:130.75,135.16 4 1
booking-room-app/repository/rooms_repository.go:135.16,138.3 2 1
booking-room-app/repository/rooms_repository.go:140.2,146.18 6 1
booking-room-app/repository/rooms_repository.go:150.81,155.16 4 1
booking-room-app/repository/rooms_repository.go:155.16,158.3 2 1
booking-room-app/repository/rooms_repository.go:160.2,163.18 3 1
booking-room-app/repository/rooms_repository.go:172.51,174.2 1 1
booking-room-app/repository/transactions_repository.go:27.128,32.16 4 1
booking-room-app/repository/transactions_repository.go:32.16,35.3 2 1
booking-room-app/repository/transactions_repository.go:36.2,36.18 1 1
booking-room-app/repository/transactions_repository.go:36.18,48.16 3 1
booking-room-app/repository/transactions_repository.go:48.16,51.3 2 1
booking-room-app/repository/transactions_repository.go:53.2,54.15 2 1
booking-room-app/repository/transactions_repository.go:54.15,57.6 2 1
booking-room-app/repository/transactions_repository.go:58.2,58.32 1 1
booking-room-app/repository/transactions_repository.go:58.32,67.22 3 1
booking-room-app/repository/transactions_repository.go:67.22,70.10 2 1
booking-room-app/repository/transactions_repository.go:71.9,71.86 1 1
booking-room-app/repository/transactions_repository.go:74.3,74.51 1 1
booking-room-app/repository/transactions_repository.go:76.2,77.84 2 1
booking-room-app/repository/transactions_repository.go:77.84,80.3 1 1
booking-room-app/repository/transactions_repository.go:82.2,89.34 2 1
booking-room-app/repository/transactions_repository.go:93.92,105.16 3 1
booking-room-app/repository/transactions_repository.go:105.16,107.3 1 1
booking-room-app/repository/transactions_repository.go:108.3,109.16 2 1
booking-room-app/repository/transactions_repository.go:109.16,112.4 2 1
booking-room-app/repository/transactions_repository.go:113.3,113.33 1 1
booking-room-app/repository/transactions_repository.go:113.33,122.17 3 1
booking-room-app/repository/transactions_repository.go:122.17,125.5 2 1
booking-room-app/repository/transactions_repository.go:126.4,126.83 1 1
booking-room-app/repository/transactions_repository.go:128.2,128.26 1 1
booking-room-app/repository/transactions_repository.go:132.138,138.16 4 1
booking-room-app/repository/transactions_repository.go:138.16,140.3 1 1
booking-room-app/repository/transactions_repository.go:141.2,141.18 1 1
booking-room-app/repository/transactions_repository.go:141.18,153.17 3 1
booking-room-app/repository/transactions_repository.go:153.17,157.4 2 1
booking-room-app/repository/transactions_repository.go:158.3,159.16 2 1
booking-room-app/repository/transactions_repository.go:159.16,162.4 2 1
booking-room-app/repository/transactions_repository.go:163.3,163.33 1 1
booking-room-app/repository/transactions_repository.go:163.33,172.17 3 1
booking-room-app/repository/transactions_repository.go:172.17,175.5 2 1
booking-room-app/repository/transactions_repository.go:176.4,176.81 1 1
booking-room-app/repository/transactions_repository.go:178.3,178.51 1 1
booking-room-app/repository/transactions_repository.go:181.2,182.104 2 1
booking-room-app/repository/transactions_repository.go:182.104,185.3 1 1
booking-room-app/repository/transactions_repository.go:187.2,194.34 2 1
booking-room-app/repository/transactions_repository.go:198.97,207.17 3 1
booking-room-app/repository/transactions_repository.go:207.17,209.4 1 1
booking-room-app/repository/transactions_repository.go:211.3,211.36 1 1
booking-room-app/repository/transactions_repository.go:211.36,214.4 2 1
booking-room-app/repository/transactions_repository.go:214.9,217.56 2 1
booking-room-app/repository/transactions_repository.go:217.56,225.19 2 1
booking-room-app/repository/transactions_repository.go:225.19,227.6 1 1
booking-room-app/repository/transactions_repository.go:228.5,231.19 3 1
booking-room-app/repository/transactions_repository.go:231.19,233.6 1 1
booking-room-app/repository/transactions_repository.go:234.5,234.41 1 1
booking-room-app/repository/transactions_repository.go:234.41,236.6 1 1
booking-room-app/repository/transactions_repository.go:239.5,242.19 2 1
booking-room-app/repository/transactions_repository.go:242.19,244.6 1 1
booking-room-app/repository/transactions_repository.go:245.5,245.58 1 1
booking-room-app/repository/transactions_repository.go:247.4,247.43 1 1
booking-room-app/repository/transactions_repository.go:250.2,251.26 2 1
booking-room-app/repository/transactions_repository.go:255.106,262.17 3 1
booking-room-app/repository/transactions_repository.go:262.17,265.4 2 1
booking-room-app/repository/transactions_repository.go:267.2,268.26 2 1
booking-room-app/repository/transactions_repository.go:271.67,273.2 1 1
booking-room-app/delivery/controller/employees_controller.go:19.62,22.53 2 0
booking-room-app/delivery/controller/employees_controller.go:22.53,25.3 2 0
booking-room-app/delivery/controller/employees_controller.go:26.2,28.16 2 0
booking-room-app/delivery/controller/employees_controller.go:28.16,32.3 2 0
booking-room-app/delivery/controller/employees_controller.go:33.2,33.53 1 0
booking-room-app/delivery/controller/employees_controller.go:37.63,40.16 3 0
booking-room-app/delivery/controller/employees_controller.go:40.16,44.3 2 0
booking-room-app/delivery/controller/employees_controller.go:45.2,45.48 1 0
booking-room-app/delivery/controller/employees_controller.go:47.69,50.16 3 0
booking-room-app/delivery/controller/employees_controller.go:50.16,54.3 2 0
booking-room-app/delivery/controller/employees_controller.go:55.2,55.48 1 0
booking-room-app/delivery/controller/employees_controller.go:60.59,63.16 3 0
booking-room-app/delivery/controller/employees_controller.go:63.16,66.3 2 0
booking-room-app/delivery/controller/employees_controller.go:67.2,68.16 2 0
booking-room-app/delivery/controller/employees_controller.go:68.16,71.3 2 0
booking-room-app/delivery/controller/employees_controller.go:72.2,72.66 1 0
booking-room-app/delivery/controller/employees_controller.go:77.60,81.16 4 0
booking-room-app/delivery/controller/employees_controller.go:81.16,84.3 2 0
booking-room-app/delivery/controller/employees_controller.go:86.2,88.30 2 0
booking-room-app/delivery/controller/employees_controller.go:88.30,90.3 1 0
booking-room-app/delivery/controller/employees_controller.go:91.2,91.55 1 0
booking-room-app/delivery/controller/employees_controller.go:96.38,102.2 5 0
booking-room-app/delivery/controller/employees_controller.go:104.105,109.2 1 0
booking-room-app/delivery/controller/facilities_controller.go:19.64,21.53 2 1
booking-room-app/delivery/controller/facilities_controller.go:21.53,24.3 2 1
booking-room-app/delivery/controller/facilities_controller.go:26.2,27.16 2 1
booking-room-app/delivery/controller/facilities_controller.go:27.16,30.3 2 1
booking-room-app/delivery/controller/facilities_controller.go:31.2,31.53 1 1
booking-room-app/delivery/controller/facilities_controller.go:34.61,37.16 3 1
booking-room-app/delivery/controller/facilities_controller.go:37.16,40.3 2 1
booking-room-app/delivery/controller/facilities_controller.go:42.2,42.48 1 1
booking-room-app/delivery/controller/facilities_controller.go:45.62,50.16 4 1
booking-room-app/delivery/controller/facilities_controller.go:50.16,53.3 2 1
booking-room-app/delivery/controller/facilities_controller.go:55.2,56.31 2 1
booking-room-app/delivery/controller/facilities_controller.go:56.31,58.3 1 1
booking-room-app/delivery/controller/facilities_controller.go:60.2,60.55 1 1
booking-room-app/delivery/controller/facilities_controller.go:64.64,66.53 2 1
booking-room-app/delivery/controller/facilities_controller.go:66.53,69.3 2 1
booking-room-app/delivery/controller/facilities_controller.go:70.2,71.16 2 1
booking-room-app/delivery/controller/facilities_controller.go:71.16,74.3 2 1
booking-room-app/delivery/controller/facilities_controller.go:75.2,75.53 1 1
booking-room-app/delivery/controller/facilities_controller.go:78.40,83.2 4 0
booking-room-app/delivery/controller/facilities_controller.go:85.113,90.2 1 1
booking-room-app/delivery/controller/room_facility_controller.go:21.78,23.53 2 0
booking-room-app/delivery/controller/room_facility_controller.go:23.53,26.3 2 0
booking-room-app/delivery/controller/room_facility_controller.go:29.2,29.79 1 0
booking-room-app/delivery/controller/room_facility_controller.go:29.79,32.3 2 0
booking-room-app/delivery/controller/room_facility_controller.go:35.2,36.16 2 0
booking-room-app/delivery/controller/room_facility_controller.go:36.16,39.3 2 0
booking-room-app/delivery/controller/room_facility_controller.go:40.2,41.16 2 0
booking-room-app/delivery/controller/room_facility_controller.go:41.16,44.3 2 0
booking-room-app/delivery/controller/room_facility_controller.go:46.2,47.16 2 0
booking-room-app/delivery/controller/room_facility_controller.go:47.16,50.3 2 0
booking-room-app/delivery/controller/room_facility_controller.go:51.2,51.57 1 0
booking-room-app/delivery/controller/room_facility_controller.go:54.76,59.16 4 0
booking-room-app/delivery/controller/room_facility_controller.go:59.16,62.3 2 0
booking-room-app/delivery/controller/room_facility_controller.go:64.2,65.33 2 0
booking-room-app/delivery/controller/room_facility_controller.go:65.33,67.3 1 0
booking-room-app/delivery/controller/room_facility_controller.go:68.2,68.55 1 0
booking-room-app/delivery/controller/room_facility_controller.go:71.72,74.16 3 0
booking-room-app/delivery/controller/room_facility_controller.go:74.16,77.3 2 0
booking-room-app/delivery/controller/room_facility_controller.go:79.2,79.52 1 0
booking-room-app/delivery/controller/room_facility_controller.go:82.78,84.53 2 0
booking-room-app/delivery/controller/room_facility_controller.go:84.53,87.3 2 0
booking-room-app/delivery/controller/room_facility_controller.go:89.2,89.79 1 0
booking-room-app/delivery/controller/room_facility_controller.go:89.79,92.3 2 0
booking-room-app/delivery/controller/room_facility_controller.go:94.2,95.16 2 0
booking-room-app/delivery/controller/room_facility_controller.go:95.16,98.3 2 0
booking-room-app/delivery/controller/room_facility_controller.go:99.2,99.57 1 0
booking-room-app/delivery/controller/room_facility_controller.go:102.42,107.2 4 0
booking-room-app/delivery/controller/room_facility_controller.go:109.120,115.2 1 0
booking-room-app/delivery/controller/rooms_controller.go:21.56,23.51 2 1
booking-room-app/delivery/controller/rooms_controller.go:23.51,26.3 2 1
booking-room-app/delivery/controller/rooms_controller.go:28.2,29.16 2 1
booking-room-app/delivery/controller/rooms_controller.go:29.16,32.3 2 1
booking-room-app/delivery/controller/rooms_controller.go:33.2,33.47 1 1
booking-room-app/delivery/controller/rooms_controller.go:36.53,39.16 3 1
booking-room-app/delivery/controller/rooms_controller.go:39.16,42.3 2 1
booking-room-app/delivery/controller/rooms_controller.go:43.2,43.42 1 1
booking-room-app/delivery/controller/rooms_controller.go:46.54,55.18 7 1
booking-room-app/delivery/controller/rooms_controller.go:55.18,56.29 1 1
booking-room-app/delivery/controller/rooms_controller.go:56.29,58.4 1 1
booking-room-app/delivery/controller/rooms_controller.go:58.9,60.4 1 1
booking-room-app/delivery/controller/rooms_controller.go:61.8,62.29 1 1
booking-room-app/delivery/controller/rooms_controller.go:62.29,64.4 1 1
booking-room-app/delivery/controller/rooms_controller.go:64.9,66.4 1 1
booking-room-app/delivery/controller/rooms_controller.go:69.2,69.16 1 1
booking-room-app/delivery/controller/rooms_controller.go:69.16,72.3 2 1
booking-room-app/delivery/controller/rooms_controller.go:74.2,75.26 2 1
booking-room-app/delivery/controller/rooms_controller.go:75.26,77.3 1 1
booking-room-app/delivery/controller/rooms_controller.go:78.2,78.53 1 1
booking-room-app/delivery/controller/rooms_controller.go:81.62,83.51 2 1
booking-room-app/delivery/controller/rooms_controller.go:83.51,86.3 2 1
booking-room-app/delivery/controller/rooms_controller.go:88.2,89.16 2 1
booking-room-app/delivery/controller/rooms_controller.go:89.16,92.3 2 1
booking-room-app/delivery/controller/rooms_controller.go:93.2,93.47 1 1
booking-room-app/delivery/controller/rooms_controller.go:95.62,97.51 2 1
booking-room-app/delivery/controller/rooms_controller.go:97.51,100.3 2 1
booking-room-app/delivery/controller/rooms_controller.go:102.2,103.16 2 1
booking-room-app/delivery/controller/rooms_controller.go:103.16,106.3 2 1
booking-room-app/delivery/controller/rooms_controller.go:107.2,107.42 1 1
booking-room-app/delivery/controller/rooms_controller.go:110.34,116.2 5 1
booking-room-app/delivery/controller/rooms_controller.go:118.89,120.2 1 1
booking-room-app/delivery/controller/transactions_controller.go:22.66,24.53 2 1
booking-room-app/delivery/controller/transactions_controller.go:24.53,27.3 2 1
booking-room-app/delivery/controller/transactions_controller.go:29.2,30.16 2 1
booking-room-app/delivery/controller/transactions_controller.go:30.16,33.3 2 1
booking-room-app/delivery/controller/transactions_controller.go:34.2,34.57 1 1
booking-room-app/delivery/controller/transactions_controller.go:37.64,44.28 5 1
booking-room-app/delivery/controller/transactions_controller.go:44.28,47.3 2 1
booking-room-app/delivery/controller/transactions_controller.go:49.2,49.21 1 1
booking-room-app/delivery/controller/transactions_controller.go:49.21,51.3 1 1
booking-room-app/delivery/controller/transactions_controller.go:53.2,53.19 1 1
booking-room-app/delivery/controller/transactions_controller.go:53.19,55.3 1 1
booking-room-app/delivery/controller/transactions_controller.go:57.2,58.16 2 1
booking-room-app/delivery/controller/transactions_controller.go:58.16,61.3 2 1
booking-room-app/delivery/controller/transactions_controller.go:63.2,64.16 2 1
booking-room-app/delivery/controller/transactions_controller.go:64.16,67.3 2 1
booking-room-app/delivery/controller/transactions_controller.go:69.2,70.16 2 1
booking-room-app/delivery/controller/transactions_controller.go:70.16,73.3 2 1
booking-room-app/delivery/controller/transactions_controller.go:75.2,76.33 2 1
booking-room-app/delivery/controller/transactions_controller.go:76.33,78.3 1 1
booking-room-app/delivery/controller/transactions_controller.go:79.2,79.55 1 1
booking-room-app/delivery/controller/transactions_controller.go:82.71,85.16 3 1
booking-room-app/delivery/controller/transactions_controller.go:85.16,88.3 2 1
booking-room-app/delivery/controller/transactions_controller.go:90.2,90.52 1 1
booking-room-app/delivery/controller/transactions_controller.go:93.79,98.28 4 1
booking-room-app/delivery/controller/transactions_controller.go:98.28,101.3 2 1
booking-room-app/delivery/controller/transactions_controller.go:103.2,104.16 2 1
booking-room-app/delivery/controller/transactions_controller.go:104.16,108.3 3 1
booking-room-app/delivery/controller/transactions_controller.go:110.2,111.33 2 1
booking-room-app/delivery/controller/transactions_controller.go:111.33,113.3 1 1
booking-room-app/delivery/controller/transactions_controller.go:115.2,115.55 1 1
booking-room-app/delivery/controller/transactions_controller.go:118.72,120.53 2 1
booking-room-app/delivery/controller/transactions_controller.go:120.53,123.3 2 1
booking-room-app/delivery/controller/transactions_controller.go:125.2,126.16 2 1
booking-room-app/delivery/controller/transactions_controller.go:126.16,129.3 2 1
booking-room-app/delivery/controller/transactions_controller.go:130.2,130.57 1 1
booking-room-app/delivery/controller/transactions_controller.go:133.42,139.2 5 1
booking-room-app/delivery/controller/transactions_controller.go:141.120,147.2 1 1
booking-room-app/usecase/employees_usecase.go:24.94,25.20 1 0
booking-room-app/usecase/employees_usecase.go:25.20,27.3 1 0
booking-room-app/usecase/employees_usecase.go:28.2,28.48 1 0
booking-room-app/usecase/employees_usecase.go:32.97,33.28 1 0
booking-room-app/usecase/employees_usecase.go:33.28,36.3 2 0
booking-room-app/usecase/employees_usecase.go:37.2,37.32 1 0
booking-room-app/usecase/employees_usecase.go:41.82,42.14 1 0
booking-room-app/usecase/employees_usecase.go:42.14,44.3 1 0
booking-room-app/usecase/employees_usecase.go:45.2,45.36 1 0
booking-room-app/usecase/employees_usecase.go:49.98,50.149 1 0
booking-room-app/usecase/employees_usecase.go:50.149,52.3 1 0
booking-room-app/usecase/employees_usecase.go:54.2,55.16 2 0
booking-room-app/usecase/employees_usecase.go:55.16,57.3 1 0
booking-room-app/usecase/employees_usecase.go:58.2,58.22 1 0
booking-room-app/usecase/employees_usecase.go:62.93,63.168 1 0
booking-room-app/usecase/employees_usecase.go:63.168,65.3 1 0
booking-room-app/usecase/employees_usecase.go:67.2,68.16 2 0
booking-room-app/usecase/employees_usecase.go:68.16,70.3 1 0
booking-room-app/usecase/employees_usecase.go:71.2,71.22 1 0
booking-room-app/usecase/employees_usecase.go:74.78,76.2 1 0
booking-room-app/usecase/facilities_usecase.go:22.110,24.2 1 1
booking-room-app/usecase/facilities_usecase.go:27.86,29.2 1 1
booking-room-app/usecase/facilities_usecase.go:32.105,33.49 1 1
booking-room-app/usecase/facilities_usecase.go:33.49,35.3 1 1
booking-room-app/usecase/facilities_usecase.go:37.2,38.16 2 1
booking-room-app/usecase/facilities_usecase.go:38.16,40.3 1 1
booking-room-app/usecase/facilities_usecase.go:42.2,42.22 1 1
booking-room-app/usecase/facilities_usecase.go:46.98,47.49 1 1
booking-room-app/usecase/facilities_usecase.go:47.49,49.3 1 1
booking-room-app/usecase/facilities_usecase.go:51.2,53.16 3 1
booking-room-app/usecase/facilities_usecase.go:53.16,55.3 1 1
booking-room-app/usecase/facilities_usecase.go:57.2,57.22 1 1
booking-room-app/usecase/facilities_usecase.go:60.83,62.2 1 1
booking-room-app/usecase/room_facility_usecase.go:23.113,24.28 1 0
booking-room-app/usecase/room_facility_usecase.go:24.28,27.3 2 0
booking-room-app/usecase/room_facility_usecase.go:28.2,28.33 1 0
booking-room-app/usecase/room_facility_usecase.go:32.98,34.2 1 0
booking-room-app/usecase/room_facility_usecase.go:37.122,40.16 2 0
booking-room-app/usecase/room_facility_usecase.go:40.16,42.3 1 0
booking-room-app/usecase/room_facility_usecase.go:43.2,43.33 1 0
booking-room-app/usecase/room_facility_usecase.go:43.33,45.3 1 0
booking-room-app/usecase/room_facility_usecase.go:46.2,50.16 3 0
booking-room-app/usecase/room_facility_usecase.go:50.16,52.3 1 0
booking-room-app/usecase/room_facility_usecase.go:53.2,53.46 1 0
booking-room-app/usecase/room_facility_usecase.go:57.125,60.16 2 0
booking-room-app/usecase/room_facility_usecase.go:60.16,62.3 1 0
booking-room-app/usecase/room_facility_usecase.go:65.2,65.26 1 0
booking-room-app/usecase/room_facility_usecase.go:65.26,67.3 1 0
booking-room-app/usecase/room_facility_usecase.go:68.2,68.30 1 0
booking-room-app/usecase/room_facility_usecase.go:68.30,70.3 1 0
booking-room-app/usecase/room_facility_usecase.go:71.2,72.27 2 0
booking-room-app/usecase/room_facility_usecase.go:72.27,74.3 1 0
booking-room-app/usecase/room_facility_usecase.go:74.8,77.17 2 0
booking-room-app/usecase/room_facility_usecase.go:77.17,79.4 1 0
booking-room-app/usecase/room_facility_usecase.go:80.3,81.30 2 0
booking-room-app/usecase/room_facility_usecase.go:81.30,83.4 1 0
booking-room-app/usecase/room_facility_usecase.go:85.2,85.31 1 0
booking-room-app/usecase/room_facility_usecase.go:85.31,87.3 1 0
booking-room-app/usecase/room_facility_usecase.go:89.2,90.16 2 0
booking-room-app/usecase/room_facility_usecase.go:90.16,92.3 1 0
booking-room-app/usecase/room_facility_usecase.go:93.2,93.41 1 0
booking-room-app/usecase/room_facility_usecase.go:96.89,98.2 1 0
booking-room-app/usecase/rooms_usecase.go:25.88,27.2 1 1
booking-room-app/usecase/rooms_usecase.go:30.109,32.2 1 1
booking-room-app/usecase/rooms_usecase.go:35.68,37.2 1 1
booking-room-app/usecase/rooms_usecase.go:40.81,41.75 1 1
booking-room-app/usecase/rooms_usecase.go:41.75,43.3 1 1
booking-room-app/usecase/rooms_usecase.go:44.2,44.26 1 1
booking-room-app/usecase/rooms_usecase.go:44.26,46.3 1 1
booking-room-app/usecase/rooms_usecase.go:46.8,48.3 1 1
booking-room-app/usecase/rooms_usecase.go:50.2,51.16 2 1
booking-room-app/usecase/rooms_usecase.go:51.16,53.3 1 1
booking-room-app/usecase/rooms_usecase.go:54.2,54.18 1 1
booking-room-app/usecase/rooms_usecase.go:58.82,59.95 1 1
booking-room-app/usecase/rooms_usecase.go:59.95,61.3 1 1
booking-room-app/usecase/rooms_usecase.go:62.2,62.26 1 1
booking-room-app/usecase/rooms_usecase.go:62.26,64.3 1 1
booking-room-app/usecase/rooms_usecase.go:64.8,66.3 1 1
booking-room-app/usecase/rooms_usecase.go:69.2,70.16 2 1
booking-room-app/usecase/rooms_usecase.go:70.16,72.3 1 1
booking-room-app/usecase/rooms_usecase.go:73.2,73.18 1 1
booking-room-app/usecase/rooms_usecase.go:77.82,78.22 1 1
booking-room-app/usecase/rooms_usecase.go:78.22,80.3 1 1
booking-room-app/usecase/rooms_usecase.go:81.2,81.26 1 1
booking-room-app/usecase/rooms_usecase.go:81.26,83.3 1 1
booking-room-app/usecase/rooms_usecase.go:83.8,85.3 1 1
booking-room-app/usecase/rooms_usecase.go:88.2,89.16 2 1
booking-room-app/usecase/rooms_usecase.go:89.16,91.3 1 1
booking-room-app/usecase/rooms_usecase.go:92.2,92.18 1 1
booking-room-app/usecase/rooms_usecase.go:95.65,97.2 1 1
booking-room-app/usecase/transactions_usecase.go:23.141,25.2 1 1
booking-room-app/usecase/transactions_usecase.go:27.91,29.2 1 1
booking-room-app/usecase/transactions_usecase.go:31.139,33.2 1 1
booking-room-app/usecase/transactions_usecase.go:35.110,39.16 3 1
booking-room-app/usecase/transactions_usecase.go:39.16,41.3 1 1
booking-room-app/usecase/transactions_usecase.go:42.3,42.27 1 1
booking-room-app/usecase/transactions_usecase.go:45.104,48.16 3 1
booking-room-app/usecase/transactions_usecase.go:48.16,51.3 1 1
booking-room-app/usecase/transactions_usecase.go:52.3,52.27 1 1
booking-room-app/usecase/transactions_usecase.go:55.89,57.2 1 1
