mode: set
booking-room-app/usecase/employees_usecase.go:24.94,25.20 1 0
booking-room-app/usecase/employees_usecase.go:25.20,27.3 1 0
booking-room-app/usecase/employees_usecase.go:28.2,28.48 1 0
booking-room-app/usecase/employees_usecase.go:32.97,33.28 1 0
booking-room-app/usecase/employees_usecase.go:33.28,36.3 2 0
booking-room-app/usecase/employees_usecase.go:37.2,37.32 1 0
booking-room-app/usecase/employees_usecase.go:41.82,42.14 1 0
booking-room-app/usecase/employees_usecase.go:42.14,44.3 1 0
booking-room-app/usecase/employees_usecase.go:45.2,45.36 1 0
booking-room-app/usecase/employees_usecase.go:49.98,50.149 1 0
booking-room-app/usecase/employees_usecase.go:50.149,52.3 1 0
booking-room-app/usecase/employees_usecase.go:54.2,55.16 2 0
booking-room-app/usecase/employees_usecase.go:55.16,57.3 1 0
booking-room-app/usecase/employees_usecase.go:58.2,58.22 1 0
booking-room-app/usecase/employees_usecase.go:62.93,63.168 1 0
booking-room-app/usecase/employees_usecase.go:63.168,65.3 1 0
booking-room-app/usecase/employees_usecase.go:67.2,68.16 2 0
booking-room-app/usecase/employees_usecase.go:68.16,70.3 1 0
booking-room-app/usecase/employees_usecase.go:71.2,71.22 1 0
booking-room-app/usecase/employees_usecase.go:74.78,76.2 1 0
booking-room-app/usecase/facilities_usecase.go:22.110,24.2 1 0
booking-room-app/usecase/facilities_usecase.go:27.86,29.2 1 0
booking-room-app/usecase/facilities_usecase.go:32.105,33.49 1 0
booking-room-app/usecase/facilities_usecase.go:33.49,35.3 1 0
booking-room-app/usecase/facilities_usecase.go:37.2,38.16 2 0
booking-room-app/usecase/facilities_usecase.go:38.16,40.3 1 0
booking-room-app/usecase/facilities_usecase.go:42.2,42.22 1 0
booking-room-app/usecase/facilities_usecase.go:46.98,47.49 1 0
booking-room-app/usecase/facilities_usecase.go:47.49,49.3 1 0
booking-room-app/usecase/facilities_usecase.go:51.2,53.16 3 0
booking-room-app/usecase/facilities_usecase.go:53.16,55.3 1 0
booking-room-app/usecase/facilities_usecase.go:57.2,57.22 1 0
booking-room-app/usecase/facilities_usecase.go:60.83,62.2 1 0
booking-room-app/usecase/room_facility_usecase.go:23.113,24.28 1 0
booking-room-app/usecase/room_facility_usecase.go:24.28,27.3 2 0
booking-room-app/usecase/room_facility_usecase.go:28.2,28.33 1 0
booking-room-app/usecase/room_facility_usecase.go:32.98,34.2 1 0
booking-room-app/usecase/room_facility_usecase.go:37.122,40.16 2 0
booking-room-app/usecase/room_facility_usecase.go:40.16,42.3 1 0
booking-room-app/usecase/room_facility_usecase.go:43.2,43.33 1 0
booking-room-app/usecase/room_facility_usecase.go:43.33,45.3 1 0
booking-room-app/usecase/room_facility_usecase.go:46.2,50.16 3 0
booking-room-app/usecase/room_facility_usecase.go:50.16,52.3 1 0
booking-room-app/usecase/room_facility_usecase.go:53.2,53.46 1 0
booking-room-app/usecase/room_facility_usecase.go:57.125,60.16 2 0
booking-room-app/usecase/room_facility_usecase.go:60.16,62.3 1 0
booking-room-app/usecase/room_facility_usecase.go:65.2,65.26 1 0
booking-room-app/usecase/room_facility_usecase.go:65.26,67.3 1 0
booking-room-app/usecase/room_facility_usecase.go:68.2,68.30 1 0
booking-room-app/usecase/room_facility_usecase.go:68.30,70.3 1 0
booking-room-app/usecase/room_facility_usecase.go:71.2,72.27 2 0
booking-room-app/usecase/room_facility_usecase.go:72.27,74.3 1 0
booking-room-app/usecase/room_facility_usecase.go:74.8,77.17 2 0
booking-room-app/usecase/room_facility_usecase.go:77.17,79.4 1 0
booking-room-app/usecase/room_facility_usecase.go:80.3,81.30 2 0
booking-room-app/usecase/room_facility_usecase.go:81.30,83.4 1 0
booking-room-app/usecase/room_facility_usecase.go:86.2,87.16 2 0
booking-room-app/usecase/room_facility_usecase.go:87.16,89.3 1 0
booking-room-app/usecase/room_facility_usecase.go:90.2,90.41 1 0
booking-room-app/usecase/room_facility_usecase.go:93.89,95.2 1 0
booking-room-app/usecase/rooms_usecase.go:26.88,28.2 1 0
booking-room-app/usecase/rooms_usecase.go:31.109,33.2 1 0
booking-room-app/usecase/rooms_usecase.go:36.68,38.2 1 0
booking-room-app/usecase/rooms_usecase.go:41.81,42.75 1 0
booking-room-app/usecase/rooms_usecase.go:42.75,44.3 1 0
booking-room-app/usecase/rooms_usecase.go:45.2,45.26 1 0
booking-room-app/usecase/rooms_usecase.go:45.26,47.3 1 0
booking-room-app/usecase/rooms_usecase.go:47.8,49.3 1 0
booking-room-app/usecase/rooms_usecase.go:50.2,52.16 3 0
booking-room-app/usecase/rooms_usecase.go:52.16,54.3 1 0
booking-room-app/usecase/rooms_usecase.go:55.2,55.18 1 0
booking-room-app/usecase/rooms_usecase.go:59.82,60.119 1 0
booking-room-app/usecase/rooms_usecase.go:60.119,62.3 1 0
booking-room-app/usecase/rooms_usecase.go:63.2,63.26 1 0
booking-room-app/usecase/rooms_usecase.go:63.26,65.3 1 0
booking-room-app/usecase/rooms_usecase.go:65.8,67.3 1 0
booking-room-app/usecase/rooms_usecase.go:69.2,71.16 3 0
booking-room-app/usecase/rooms_usecase.go:71.16,73.3 1 0
booking-room-app/usecase/rooms_usecase.go:74.2,74.18 1 0
booking-room-app/usecase/rooms_usecase.go:78.82,79.46 1 0
booking-room-app/usecase/rooms_usecase.go:79.46,81.3 1 0
booking-room-app/usecase/rooms_usecase.go:82.2,82.26 1 0
booking-room-app/usecase/rooms_usecase.go:82.26,84.3 1 0
booking-room-app/usecase/rooms_usecase.go:84.8,86.3 1 0
booking-room-app/usecase/rooms_usecase.go:88.2,90.16 3 0
booking-room-app/usecase/rooms_usecase.go:90.16,92.3 1 0
booking-room-app/usecase/rooms_usecase.go:93.2,93.18 1 0
booking-room-app/usecase/rooms_usecase.go:96.65,98.2 1 0
booking-room-app/usecase/transactions_usecase.go:24.141,26.2 1 0
booking-room-app/usecase/transactions_usecase.go:28.91,30.2 1 1
booking-room-app/usecase/transactions_usecase.go:32.109,34.2 1 0
booking-room-app/usecase/transactions_usecase.go:36.110,41.16 3 1
booking-room-app/usecase/transactions_usecase.go:41.16,43.3 1 1
booking-room-app/usecase/transactions_usecase.go:44.3,44.27 1 1
booking-room-app/usecase/transactions_usecase.go:47.104,50.16 3 1
booking-room-app/usecase/transactions_usecase.go:50.16,53.3 1 1
booking-room-app/usecase/transactions_usecase.go:54.3,54.27 1 1
booking-room-app/usecase/transactions_usecase.go:57.89,59.2 1 1
booking-room-app/repository/employees_repository.go:29.52,32.16 2 0
booking-room-app/repository/employees_repository.go:32.16,34.3 1 0
booking-room-app/repository/employees_repository.go:36.2,36.36 1 0
booking-room-app/repository/employees_repository.go:39.95,46.16 4 0
booking-room-app/repository/employees_repository.go:46.16,49.3 2 0
booking-room-app/repository/employees_repository.go:51.2,61.16 2 0
booking-room-app/repository/employees_repository.go:61.16,64.3 2 0
booking-room-app/repository/employees_repository.go:66.2,74.22 8 0
booking-room-app/repository/employees_repository.go:79.83,92.16 3 0
booking-room-app/repository/employees_repository.go:92.16,95.3 2 0
booking-room-app/repository/employees_repository.go:96.2,96.22 1 0
booking-room-app/repository/employees_repository.go:100.95,113.16 3 0
booking-room-app/repository/employees_repository.go:113.16,116.3 2 0
booking-room-app/repository/employees_repository.go:117.2,117.22 1 0
booking-room-app/repository/employees_repository.go:123.95,128.16 4 0
booking-room-app/repository/employees_repository.go:128.16,131.3 2 0
booking-room-app/repository/employees_repository.go:133.2,144.16 2 0
booking-room-app/repository/employees_repository.go:144.16,147.3 2 0
booking-room-app/repository/employees_repository.go:148.2,158.22 10 0
booking-room-app/repository/employees_repository.go:161.92,165.16 4 0
booking-room-app/repository/employees_repository.go:165.16,168.3 2 0
booking-room-app/repository/employees_repository.go:169.2,169.18 1 0
booking-room-app/repository/employees_repository.go:169.18,183.17 3 0
booking-room-app/repository/employees_repository.go:183.17,186.4 2 0
booking-room-app/repository/employees_repository.go:188.3,188.37 1 0
booking-room-app/repository/employees_repository.go:191.2,192.89 2 0
booking-room-app/repository/employees_repository.go:192.89,194.3 1 0
booking-room-app/repository/employees_repository.go:196.2,202.31 2 0
booking-room-app/repository/employees_repository.go:205.59,207.2 1 0
booking-room-app/repository/facilities_repository.go:26.93,36.16 3 1
booking-room-app/repository/facilities_repository.go:36.16,39.3 2 1
booking-room-app/repository/facilities_repository.go:40.2,43.24 4 1
booking-room-app/repository/facilities_repository.go:48.96,54.16 4 1
booking-room-app/repository/facilities_repository.go:54.16,57.3 2 1
booking-room-app/repository/facilities_repository.go:59.2,59.18 1 1
booking-room-app/repository/facilities_repository.go:59.18,69.17 3 1
booking-room-app/repository/facilities_repository.go:69.17,72.4 2 1
booking-room-app/repository/facilities_repository.go:74.3,74.44 1 1
booking-room-app/repository/facilities_repository.go:77.2,78.83 2 1
booking-room-app/repository/facilities_repository.go:78.83,80.3 1 1
booking-room-app/repository/facilities_repository.go:82.2,89.32 2 1
booking-room-app/repository/facilities_repository.go:94.78,103.16 3 1
booking-room-app/repository/facilities_repository.go:103.16,106.3 2 1
booking-room-app/repository/facilities_repository.go:108.2,108.24 1 1
booking-room-app/repository/facilities_repository.go:114.97,125.16 4 1
booking-room-app/repository/facilities_repository.go:125.16,128.3 2 1
booking-room-app/repository/facilities_repository.go:130.2,135.24 5 1
booking-room-app/repository/facilities_repository.go:138.62,140.2 1 1
booking-room-app/repository/room_facility_repository.go:31.87,34.16 3 0
booking-room-app/repository/room_facility_repository.go:34.16,35.27 1 0
booking-room-app/repository/room_facility_repository.go:35.27,38.4 2 0
booking-room-app/repository/room_facility_repository.go:39.3,40.48 2 0
booking-room-app/repository/room_facility_repository.go:42.2,42.37 1 0
booking-room-app/repository/room_facility_repository.go:46.100,51.16 4 0
booking-room-app/repository/room_facility_repository.go:51.16,54.3 2 0
booking-room-app/repository/room_facility_repository.go:56.2,56.18 1 0
booking-room-app/repository/room_facility_repository.go:56.18,65.17 3 0
booking-room-app/repository/room_facility_repository.go:65.17,68.4 2 0
booking-room-app/repository/room_facility_repository.go:69.3,69.56 1 0
booking-room-app/repository/room_facility_repository.go:72.2,73.84 2 0
booking-room-app/repository/room_facility_repository.go:73.84,76.3 2 0
booking-room-app/repository/room_facility_repository.go:78.2,85.36 2 0
booking-room-app/repository/room_facility_repository.go:90.98,99.16 3 0
booking-room-app/repository/room_facility_repository.go:99.16,100.27 1 0
booking-room-app/repository/room_facility_repository.go:100.27,103.4 2 0
booking-room-app/repository/room_facility_repository.go:104.3,105.68 2 0
booking-room-app/repository/room_facility_repository.go:107.2,107.41 1 0
booking-room-app/repository/room_facility_repository.go:111.121,116.16 3 0
booking-room-app/repository/room_facility_repository.go:116.16,119.3 2 0
booking-room-app/repository/room_facility_repository.go:122.2,131.16 2 0
booking-room-app/repository/room_facility_repository.go:131.16,134.3 2 0
booking-room-app/repository/room_facility_repository.go:137.2,138.16 2 0
booking-room-app/repository/room_facility_repository.go:138.16,141.3 2 0
booking-room-app/repository/room_facility_repository.go:144.2,145.16 2 0
booking-room-app/repository/room_facility_repository.go:145.16,149.3 3 0
booking-room-app/repository/room_facility_repository.go:151.2,152.43 2 0
booking-room-app/repository/room_facility_repository.go:156.141,161.16 3 0
booking-room-app/repository/room_facility_repository.go:161.16,164.3 2 0
booking-room-app/repository/room_facility_repository.go:167.2,173.16 2 0
booking-room-app/repository/room_facility_repository.go:173.16,176.3 2 0
booking-room-app/repository/room_facility_repository.go:179.2,179.31 1 0
booking-room-app/repository/room_facility_repository.go:179.31,181.17 2 0
booking-room-app/repository/room_facility_repository.go:181.17,184.4 2 0
booking-room-app/repository/room_facility_repository.go:188.2,189.16 2 0
booking-room-app/repository/room_facility_repository.go:189.16,193.3 3 0
booking-room-app/repository/room_facility_repository.go:195.2,196.46 2 0
booking-room-app/repository/room_facility_repository.go:199.67,201.2 1 0
booking-room-app/repository/rooms_repository.go:26.75,29.16 3 0
booking-room-app/repository/rooms_repository.go:29.16,32.3 2 0
booking-room-app/repository/rooms_repository.go:34.2,40.18 6 0
booking-room-app/repository/rooms_repository.go:44.62,47.16 3 0
booking-room-app/repository/rooms_repository.go:47.16,50.3 2 0
booking-room-app/repository/rooms_repository.go:52.2,52.18 1 0
booking-room-app/repository/rooms_repository.go:56.84,61.16 4 0
booking-room-app/repository/rooms_repository.go:61.16,64.3 2 0
booking-room-app/repository/rooms_repository.go:66.2,66.18 1 0
booking-room-app/repository/rooms_repository.go:66.18,69.17 3 0
booking-room-app/repository/rooms_repository.go:69.17,72.4 2 0
booking-room-app/repository/rooms_repository.go:74.3,74.30 1 0
booking-room-app/repository/rooms_repository.go:77.2,78.79 2 0
booking-room-app/repository/rooms_repository.go:78.79,80.3 1 0
booking-room-app/repository/rooms_repository.go:82.2,89.27 2 0
booking-room-app/repository/rooms_repository.go:93.105,98.16 4 0
booking-room-app/repository/rooms_repository.go:98.16,101.3 2 0
booking-room-app/repository/rooms_repository.go:103.2,103.18 1 0
booking-room-app/repository/rooms_repository.go:103.18,106.17 3 0
booking-room-app/repository/rooms_repository.go:106.17,109.4 2 0
booking-room-app/repository/rooms_repository.go:111.3,111.30 1 0
booking-room-app/repository/rooms_repository.go:114.2,115.93 2 0
booking-room-app/repository/rooms_repository.go:115.93,117.3 1 0
booking-room-app/repository/rooms_repository.go:119.2,126.27 2 0
booking-room-app/repository/rooms_repository.go:130.75,135.16 4 0
booking-room-app/repository/rooms_repository.go:135.16,138.3 2 0
booking-room-app/repository/rooms_repository.go:140.2,146.18 6 0
booking-room-app/repository/rooms_repository.go:150.81,155.16 4 0
booking-room-app/repository/rooms_repository.go:155.16,158.3 2 0
booking-room-app/repository/rooms_repository.go:160.2,163.18 3 0
booking-room-app/repository/rooms_repository.go:172.51,174.2 1 0
booking-room-app/repository/transactions_repository.go:27.128,32.16 4 0
booking-room-app/repository/transactions_repository.go:32.16,35.3 2 0
booking-room-app/repository/transactions_repository.go:36.2,36.18 1 0
booking-room-app/repository/transactions_repository.go:36.18,48.16 3 0
booking-room-app/repository/transactions_repository.go:48.16,51.3 2 0
booking-room-app/repository/transactions_repository.go:53.2,54.15 2 0
booking-room-app/repository/transactions_repository.go:54.15,57.6 2 0
booking-room-app/repository/transactions_repository.go:58.2,58.32 1 0
booking-room-app/repository/transactions_repository.go:58.32,66.22 3 0
booking-room-app/repository/transactions_repository.go:66.22,69.10 2 0
booking-room-app/repository/transactions_repository.go:70.9,70.86 1 0
booking-room-app/repository/transactions_repository.go:73.3,73.51 1 0
booking-room-app/repository/transactions_repository.go:75.2,76.84 2 0
booking-room-app/repository/transactions_repository.go:76.84,79.3 1 0
booking-room-app/repository/transactions_repository.go:81.2,88.34 2 0
booking-room-app/repository/transactions_repository.go:93.92,105.16 3 1
booking-room-app/repository/transactions_repository.go:105.16,107.3 1 1
booking-room-app/repository/transactions_repository.go:108.3,109.16 2 1
booking-room-app/repository/transactions_repository.go:109.16,112.4 2 1
booking-room-app/repository/transactions_repository.go:113.3,113.33 1 1
booking-room-app/repository/transactions_repository.go:113.33,121.17 3 1
booking-room-app/repository/transactions_repository.go:121.17,124.5 2 1
booking-room-app/repository/transactions_repository.go:125.4,125.83 1 1
booking-room-app/repository/transactions_repository.go:127.2,127.26 1 1
booking-room-app/repository/transactions_repository.go:131.109,135.16 3 1
booking-room-app/repository/transactions_repository.go:135.16,137.3 1 1
booking-room-app/repository/transactions_repository.go:138.2,138.18 1 1
booking-room-app/repository/transactions_repository.go:138.18,150.17 3 1
booking-room-app/repository/transactions_repository.go:150.17,154.4 2 1
booking-room-app/repository/transactions_repository.go:155.3,156.16 2 1
booking-room-app/repository/transactions_repository.go:156.16,159.4 2 1
booking-room-app/repository/transactions_repository.go:160.3,160.33 1 1
booking-room-app/repository/transactions_repository.go:160.33,168.17 3 1
booking-room-app/repository/transactions_repository.go:168.17,171.5 2 1
booking-room-app/repository/transactions_repository.go:172.4,172.81 1 1
booking-room-app/repository/transactions_repository.go:174.3,174.51 1 1
booking-room-app/repository/transactions_repository.go:176.2,176.26 1 1
booking-room-app/repository/transactions_repository.go:180.97,189.17 3 1
booking-room-app/repository/transactions_repository.go:189.17,191.4 1 1
booking-room-app/repository/transactions_repository.go:193.3,193.36 1 1
booking-room-app/repository/transactions_repository.go:193.36,196.4 2 1
booking-room-app/repository/transactions_repository.go:196.9,199.56 2 1
booking-room-app/repository/transactions_repository.go:199.56,206.19 2 1
booking-room-app/repository/transactions_repository.go:206.19,208.6 1 1
booking-room-app/repository/transactions_repository.go:209.5,212.19 3 1
booking-room-app/repository/transactions_repository.go:212.19,214.6 1 1
booking-room-app/repository/transactions_repository.go:215.5,215.41 1 1
booking-room-app/repository/transactions_repository.go:215.41,217.6 1 1
booking-room-app/repository/transactions_repository.go:220.5,223.19 2 1
booking-room-app/repository/transactions_repository.go:223.19,225.6 1 1
booking-room-app/repository/transactions_repository.go:226.5,226.58 1 1
booking-room-app/repository/transactions_repository.go:228.4,232.28 3 1
booking-room-app/repository/transactions_repository.go:237.106,244.17 3 1
booking-room-app/repository/transactions_repository.go:244.17,247.4 2 1
booking-room-app/repository/transactions_repository.go:249.2,250.26 2 1
booking-room-app/repository/transactions_repository.go:253.67,255.2 1 1
